28
8 4 7
6 2 0
5 1 3
 
8 4 0
6 2 7
5 1 3
 
8 0 4
6 2 7
5 1 3
 
8 2 4
6 0 7
5 1 3
 
8 2 4
6 1 7
5 0 3
 
8 2 4
6 1 7
0 5 3
 
8 2 4
0 1 7
6 5 3
 
8 2 4
1 0 7
6 5 3
 
8 2 4
1 7 0
6 5 3
 
8 2 0
1 7 4
6 5 3
 
8 0 2
1 7 4
6 5 3
 
0 8 2
1 7 4
6 5 3
 
1 8 2
0 7 4
6 5 3
 
1 8 2
7 0 4
6 5 3
 
1 8 2
7 4 0
6 5 3
 
1 8 2
7 4 3
6 5 0
 
1 8 2
7 4 3
6 0 5
 
1 8 2
7 4 3
0 6 5
 
1 8 2
0 4 3
7 6 5
 
1 8 2
4 0 3
7 6 5
 
1 0 2
4 8 3
7 6 5
 
1 2 0
4 8 3
7 6 5
 
1 2 3
4 8 0
7 6 5
 
1 2 3
4 8 5
7 6 0
 
1 2 3
4 8 5
7 0 6
 
1 2 3
4 0 5
7 8 6
 
1 2 3
4 5 0
7 8 6
 
1 2 3
4 5 6
7 8 0
 
O programa levou 0.16475 segundos para ser executado.
