28
8 4 7
6 2 3
5 0 1
 
8 4 7
6 2 3
0 5 1
 
8 4 7
0 2 3
6 5 1
 
0 4 7
8 2 3
6 5 1
 
4 0 7
8 2 3
6 5 1
 
4 7 0
8 2 3
6 5 1
 
4 7 3
8 2 0
6 5 1
 
4 7 3
8 2 1
6 5 0
 
4 7 3
8 2 1
6 0 5
 
4 7 3
8 2 1
0 6 5
 
4 7 3
0 2 1
8 6 5
 
4 7 3
2 0 1
8 6 5
 
4 0 3
2 7 1
8 6 5
 
0 4 3
2 7 1
8 6 5
 
2 4 3
0 7 1
8 6 5
 
2 4 3
7 0 1
8 6 5
 
2 4 3
7 1 0
8 6 5
 
2 4 3
7 1 5
8 6 0
 
2 4 3
7 1 5
8 0 6
 
2 4 3
7 1 5
0 8 6
 
2 4 3
0 1 5
7 8 6
 
2 4 3
1 0 5
7 8 6
 
2 0 3
1 4 5
7 8 6
 
0 2 3
1 4 5
7 8 6
 
1 2 3
0 4 5
7 8 6
 
1 2 3
4 0 5
7 8 6
 
1 2 3
4 5 0
7 8 6
 
1 2 3
4 5 6
7 8 0
 
O programa levou 6.18813 segundos para ser executado.
