41
8 4 7
6 2 3
5 1 0
 
8 4 7
6 2 3
5 0 1
 
8 4 7
6 2 3
5 1 0
 
8 4 7
6 2 0
5 1 3
 
8 4 7
6 0 2
5 1 3
 
8 4 7
0 6 2
5 1 3
 
8 4 7
5 6 2
0 1 3
 
8 4 7
5 6 2
1 0 3
 
8 4 7
5 6 2
1 3 0
 
8 4 7
5 6 0
1 3 2
 
8 4 0
5 6 7
1 3 2
 
8 0 4
5 6 7
1 3 2
 
8 6 4
5 0 7
1 3 2
 
8 6 4
5 7 0
1 3 2
 
8 6 4
5 7 2
1 3 0
 
8 6 4
5 7 2
1 0 3
 
8 6 4
5 0 2
1 7 3
 
8 0 4
5 6 2
1 7 3
 
8 4 0
5 6 2
1 7 3
 
8 4 2
5 6 0
1 7 3
 
8 4 2
5 0 6
1 7 3
 
8 4 2
0 5 6
1 7 3
 
8 4 2
1 5 6
0 7 3
 
8 4 2
1 5 6
7 0 3
 
8 4 2
1 0 6
7 5 3
 
8 4 2
1 6 0
7 5 3
 
8 4 2
1 6 3
7 5 0
 
8 4 2
1 6 3
7 0 5
 
8 4 2
1 0 3
7 6 5
 
8 0 2
1 4 3
7 6 5
 
0 8 2
1 4 3
7 6 5
 
1 8 2
0 4 3
7 6 5
 
1 8 2
4 0 3
7 6 5
 
1 0 2
4 8 3
7 6 5
 
1 2 0
4 8 3
7 6 5
 
1 2 3
4 8 0
7 6 5
 
1 2 3
4 8 5
7 6 0
 
1 2 3
4 8 5
7 0 6
 
1 2 3
4 0 5
7 8 6
 
1 2 3
4 5 0
7 8 6
 
1 2 3
4 5 6
7 8 0
 
O programa levou 2.77028 segundos para ser executado.
