28
8 4 7
6 2 0
5 1 3
 
8 4 0
6 2 7
5 1 3
 
8 0 4
6 2 7
5 1 3
 
8 2 4
6 0 7
5 1 3
 
8 2 4
0 6 7
5 1 3
 
8 2 4
5 6 7
0 1 3
 
8 2 4
5 6 7
1 0 3
 
8 2 4
5 0 7
1 6 3
 
8 2 4
5 7 0
1 6 3
 
8 2 4
5 7 3
1 6 0
 
8 2 4
5 7 3
1 0 6
 
8 2 4
5 0 3
1 7 6
 
8 2 4
0 5 3
1 7 6
 
0 2 4
8 5 3
1 7 6
 
2 0 4
8 5 3
1 7 6
 
2 4 0
8 5 3
1 7 6
 
2 4 3
8 5 0
1 7 6
 
2 4 3
8 0 5
1 7 6
 
2 4 3
0 8 5
1 7 6
 
2 4 3
1 8 5
0 7 6
 
2 4 3
1 8 5
7 0 6
 
2 4 3
1 0 5
7 8 6
 
2 0 3
1 4 5
7 8 6
 
0 2 3
1 4 5
7 8 6
 
1 2 3
0 4 5
7 8 6
 
1 2 3
4 0 5
7 8 6
 
1 2 3
4 5 0
7 8 6
 
1 2 3
4 5 6
7 8 0
 
O programa levou 8.08555 segundos para ser executado.
